<?xml version="1.0" encoding="UTF-8"?>
<!-- Generated by org.testng.reporters.JUnitReportReporter -->
<testsuite hostname="TRD-LAP-80" failures="0" tests="3" name="rahulsheety.Errorvalidation" time="44.154" errors="0" timestamp="2024-07-11T13:16:59 IST" skipped="0">
  <testcase classname="rahulsheety.Errorvalidation" name="ProductErrorValidation" time="30.585"/>
  <testcase classname="rahulsheety.Errorvalidation" name="Loginvalidation" time="8.952"/>
  <testcase classname="rahulsheety.Errorvalidation" name="Loginvalidation" time="4.617"/>
</testsuite> <!-- rahulsheety.Errorvalidation -->
