<?xml version="1.0" encoding="UTF-8"?>
<!-- Generated by org.testng.reporters.JUnitReportReporter -->
<testsuite hostname="TRD-LAP-80" failures="0" tests="7" name="Testng_package.Teastng_3" time="1.237" errors="0" timestamp="2024-07-01T11:37:47 IST" skipped="1">
  <testcase classname="Testng_package.Teastng_3" name="moblogin" time="0.202"/>
  <testcase classname="Testng_package.Teastng_3" name="loginapi" time="0.007"/>
  <testcase classname="Testng_package.Teastng_3" name="mobsignout" time="0.973"/>
  <testcase classname="Testng_package.Teastng_3" name="mobsignout" time="0.031"/>
  <testcase classname="Testng_package.Teastng_3" name="mobsignout" time="0.010"/>
  <testcase classname="Testng_package.Teastng_3" name="Weblogin" time="0.014"/>
  <testcase classname="Testng_package.Teastng_3" name="mobsignin">
    <skipped/>
  </testcase> <!-- mobsignin -->
</testsuite> <!-- Testng_package.Teastng_3 -->
