<?xml version="1.0" encoding="UTF-8"?>
<!-- Generated by org.testng.reporters.JUnitReportReporter -->
<testsuite hostname="TRD-LAP-80" failures="0" tests="7" name="Testng_package.Teastng_3" time="0.150" errors="0" timestamp="2024-06-27T15:21:14 IST" skipped="1">
  <testcase classname="Testng_package.Teastng_3" name="mobsignout" time="0.020"/>
  <testcase classname="Testng_package.Teastng_3" name="mobsignout" time="0.056"/>
  <testcase classname="Testng_package.Teastng_3" name="mobsignout" time="0.007"/>
  <testcase classname="Testng_package.Teastng_3" name="loginapi" time="0.038"/>
  <testcase classname="Testng_package.Teastng_3" name="moblogin" time="0.009"/>
  <testcase classname="Testng_package.Teastng_3" name="Weblogin" time="0.020"/>
  <testcase classname="Testng_package.Teastng_3" name="mobsignin">
    <skipped/>
  </testcase> <!-- mobsignin -->
</testsuite> <!-- Testng_package.Teastng_3 -->
