<?xml version="1.0" encoding="UTF-8"?>
<!-- Generated by org.testng.reporters.JUnitReportReporter -->
<testsuite hostname="TRD-LAP-80" failures="0" tests="3" name="Testng_package.Testng_4" time="0.109" errors="0" timestamp="2024-06-27T15:21:14 IST" skipped="0">
  <testcase classname="Testng_package.Testng_4" name="mobloginhome" time="0.016"/>
  <testcase classname="Testng_package.Testng_4" name="Webloginhome" time="0.005"/>
  <testcase classname="Testng_package.Testng_4" name="loginapihome" time="0.088"/>
</testsuite> <!-- Testng_package.Testng_4 -->
