<?xml version="1.0" encoding="UTF-8"?>
<!-- Generated by org.testng.reporters.JUnitReportReporter -->
<testsuite hostname="TRD-LAP-80" failures="0" tests="1" name="Testng_package.Testng_2" time="0.001" errors="0" timestamp="2024-06-27T15:21:14 IST" skipped="0">
  <testcase classname="Testng_package.Testng_2" name="day" time="0.001"/>
</testsuite> <!-- Testng_package.Testng_2 -->
