<?xml version="1.0" encoding="UTF-8"?>
<!-- Generated by org.testng.reporters.JUnitReportReporter -->
<testsuite hostname="TRD-LAP-80" failures="0" tests="1" name="rahulsheety.ExtentReports.ExtentReportDemo" time="13.993" errors="0" timestamp="2024-07-05T16:35:49 IST" skipped="0">
  <testcase classname="rahulsheety.ExtentReports.ExtentReportDemo" name="initiaDemo" time="13.993"/>
</testsuite> <!-- rahulsheety.ExtentReports.ExtentReportDemo -->
