<?xml version="1.0" encoding="UTF-8"?>
<!-- Generated by org.testng.reporters.JUnitReportReporter -->
<testsuite hostname="TRD-LAP-80" failures="0" tests="5" name="rahulsheety.SubmitOrderTest" time="87.180" errors="0" timestamp="2024-07-11T13:16:59 IST" skipped="0">
  <testcase classname="rahulsheety.SubmitOrderTest" name="submitorder" time="21.171"/>
  <testcase classname="rahulsheety.SubmitOrderTest" name="submitorder" time="19.814"/>
  <testcase classname="rahulsheety.SubmitOrderTest" name="OrderHistoryTest" time="7.659"/>
  <testcase classname="rahulsheety.SubmitOrderTest" name="submitorder" time="19.046"/>
  <testcase classname="rahulsheety.SubmitOrderTest" name="submitorder" time="19.490"/>
</testsuite> <!-- rahulsheety.SubmitOrderTest -->
