<?xml version="1.0" encoding="UTF-8"?>
<!-- Generated by org.testng.reporters.JUnitReportReporter -->
<testsuite hostname="TRD-LAP-80" failures="0" tests="3" name="Testng_package.Testng_4" time="0.026" errors="0" timestamp="2024-07-01T11:37:46 IST" skipped="0">
  <testcase classname="Testng_package.Testng_4" name="loginapihome" time="0.013"/>
  <testcase classname="Testng_package.Testng_4" name="Webloginhome" time="0.011"/>
  <testcase classname="Testng_package.Testng_4" name="mobloginhome" time="0.002"/>
</testsuite> <!-- Testng_package.Testng_4 -->
