<?xml version="1.0" encoding="UTF-8"?>
<!-- Generated by org.testng.reporters.JUnitReportReporter -->
<testsuite hostname="TRD-LAP-80" failures="0" tests="1" name="Testng_package.Testng_2" time="0.019" errors="0" timestamp="2024-07-01T11:37:47 IST" skipped="0">
  <testcase classname="Testng_package.Testng_2" name="day" time="0.019"/>
</testsuite> <!-- Testng_package.Testng_2 -->
